<?xml version="1.0" encoding="utf-8" standalone="no"?>
<test-run id="2" testcasecount="0" result="Failed" label="Invalid" total="0" passed="0" failed="0" inconclusive="0" skipped="0" asserts="0" engine-version="3.8.0.0" clr-version="4.0.30319.42000" start-time="2018-08-13 09:52:30Z" end-time="2018-08-13 09:52:31Z" duration="0.988830">
  <command-line><![CDATA["C:\Program Files (x86)\NUnit.org\nunit-console\nunit3-console.exe" C:\Scripts\Titan\bin\Debug\Titan.AN360.dll --where "cat == Customers"]]></command-line>
  <filter>
    <cat>Customers</cat>
  </filter>
  <test-suite type="Assembly" id="0-1" name="Titan.AN360.dll" fullname="C:\Scripts\Titan\bin\Debug\Titan.AN360.dll" testcasecount="0" runstate="NotRunnable" result="Failed" label="Invalid">
    <properties>
      <property name="_SKIPREASON" value="File not found: C:\Scripts\Titan\bin\Debug\Titan.AN360.dll" />
    </properties>
    <reason>
      <message>File not found: C:\Scripts\Titan\bin\Debug\Titan.AN360.dll</message>
    </reason>
  </test-suite>
</test-run>